[debug] [2025-07-13T06:03:59.282Z] ----------------------------------------------------------------------
[debug] [2025-07-13T06:03:59.285Z] Command:       /nix/store/rbdrkcs5kkwpalxcd7c6bnm33lk2955n-nodejs-20.19.0/bin/node /nix/store/fprgfkwna33crhc86jqbf5878piivvgw-firebase-tools-14.7.0/lib/node_modules/firebase-tools/lib/bin/firebase.js deploy --only hosting
[debug] [2025-07-13T06:03:59.286Z] CLI Version:   14.7.0
[debug] [2025-07-13T06:03:59.287Z] Platform:      linux
[debug] [2025-07-13T06:03:59.287Z] Node Version:  v20.19.0
[debug] [2025-07-13T06:03:59.287Z] Time:          Sun Jul 13 2025 06:03:59 GMT+0000 (Coordinated Universal Time)
[debug] [2025-07-13T06:03:59.287Z] ----------------------------------------------------------------------
[debug] 
[debug] [2025-07-13T06:03:59.776Z] > command requires scopes: ["email","openid","https://www.googleapis.com/auth/cloudplatformprojects.readonly","https://www.googleapis.com/auth/firebase","https://www.googleapis.com/auth/cloud-platform"]
[debug] [2025-07-13T06:03:59.777Z] > authorizing via signed-in user (anant.padhai@gmail.com)
[debug] [2025-07-13T06:03:59.777Z] [iam] checking project fireb-public-profil for permissions ["firebase.projects.get","firebasehosting.sites.update"]
[debug] [2025-07-13T06:03:59.779Z] No OAuth tokens found
[debug] [2025-07-13T06:03:59.780Z] No OAuth tokens found
[debug] [2025-07-13T06:03:59.780Z] > command requires scopes: ["email","openid","https://www.googleapis.com/auth/cloudplatformprojects.readonly","https://www.googleapis.com/auth/firebase","https://www.googleapis.com/auth/cloud-platform"]
[debug] [2025-07-13T06:03:59.781Z] > authorizing via signed-in user (anant.padhai@gmail.com)
[debug] [2025-07-13T06:03:59.782Z] >>> [apiv2][query] POST https://cloudresourcemanager.googleapis.com/v1/projects/fireb-public-profil:testIamPermissions [none]
[debug] [2025-07-13T06:03:59.782Z] >>> [apiv2][(partial)header] POST https://cloudresourcemanager.googleapis.com/v1/projects/fireb-public-profil:testIamPermissions x-goog-quota-user=projects/fireb-public-profil
[debug] [2025-07-13T06:03:59.782Z] >>> [apiv2][body] POST https://cloudresourcemanager.googleapis.com/v1/projects/fireb-public-profil:testIamPermissions {"permissions":["firebase.projects.get","firebasehosting.sites.update"]}
[debug] [2025-07-13T06:04:00.681Z] <<< [apiv2][status] POST https://cloudresourcemanager.googleapis.com/v1/projects/fireb-public-profil:testIamPermissions 200
[debug] [2025-07-13T06:04:00.682Z] <<< [apiv2][body] POST https://cloudresourcemanager.googleapis.com/v1/projects/fireb-public-profil:testIamPermissions {"permissions":["firebase.projects.get","firebasehosting.sites.update"]}
[debug] [2025-07-13T06:04:00.688Z] No OAuth tokens found
[debug] [2025-07-13T06:04:00.688Z] No OAuth tokens found
[debug] [2025-07-13T06:04:00.688Z] > command requires scopes: ["email","openid","https://www.googleapis.com/auth/cloudplatformprojects.readonly","https://www.googleapis.com/auth/firebase","https://www.googleapis.com/auth/cloud-platform"]
[debug] [2025-07-13T06:04:00.689Z] > authorizing via signed-in user (anant.padhai@gmail.com)
[debug] [2025-07-13T06:04:00.689Z] >>> [apiv2][query] GET https://firebase.googleapis.com/v1beta1/projects/fireb-public-profil [none]
[debug] [2025-07-13T06:04:00.973Z] <<< [apiv2][status] GET https://firebase.googleapis.com/v1beta1/projects/fireb-public-profil 200
[debug] [2025-07-13T06:04:00.973Z] <<< [apiv2][body] GET https://firebase.googleapis.com/v1beta1/projects/fireb-public-profil {"projectId":"fireb-public-profil","projectNumber":"891095473425","displayName":"fireb-public-profil","name":"projects/fireb-public-profil","resources":{"hostingSite":"fireb-public-profil"},"state":"ACTIVE","etag":"1_21cfa6d8-34df-4f34-a220-857446c25edd"}
[info] 
   Thank you for trying our early preview of Next.js support on Firebase Hosting.
   During the preview, support is best-effort and breaking changes can be expected. Proceed with caution.
   The integration is known to work with Next.js version 12 - 15.0. You may encounter errors.

   Documentation: https://firebase.google.com/docs/hosting/frameworks/nextjs
   File a bug: https://github.com/firebase/firebase-tools/issues/new?template=bug_report.md
   Submit a feature request: https://github.com/firebase/firebase-tools/issues/new?template=feature_request.md

   We'd love to learn from you. Express your interest in helping us shape the future of Firebase Hosting: https://goo.gle/41enW5X

[debug] [2025-07-13T06:04:11.963Z] No OAuth tokens found
[debug] [2025-07-13T06:04:11.969Z] No OAuth tokens found
[debug] [2025-07-13T06:04:11.970Z] > command requires scopes: ["email","openid","https://www.googleapis.com/auth/cloudplatformprojects.readonly","https://www.googleapis.com/auth/firebase","https://www.googleapis.com/auth/cloud-platform"]
[debug] [2025-07-13T06:04:11.970Z] > authorizing via signed-in user (anant.padhai@gmail.com)
[debug] [2025-07-13T06:04:11.970Z] >>> [apiv2][query] GET https://firebasehosting.googleapis.com/v1beta1/projects/fireb-public-profil/sites/fireb-public-profil [none]
[debug] [2025-07-13T06:04:12.447Z] <<< [apiv2][status] GET https://firebasehosting.googleapis.com/v1beta1/projects/fireb-public-profil/sites/fireb-public-profil 200
[debug] [2025-07-13T06:04:12.448Z] <<< [apiv2][body] GET https://firebasehosting.googleapis.com/v1beta1/projects/fireb-public-profil/sites/fireb-public-profil {"name":"projects/fireb-public-profil/sites/fireb-public-profil","defaultUrl":"https://fireb-public-profil.web.app","type":"DEFAULT_SITE"}
[info]    ▲ Next.js 15.3.4

[info] 

[info]    Linting and checking validity of types ...

[info] Failed to compile.


[info] ./src/components/Projects.tsx:37:10
Type error: Type '{ title: string; description: string; techStack: string[]; imageUrl: string; githubUrl?: undefined; liveUrl?: undefined; key: string; } | { title: string; description: string; techStack: string[]; githubUrl: string; liveUrl: string; imageUrl: string; key: string; }' is not assignable to type 'IntrinsicAttributes & ProjectCardProps'.
  Type '{ title: string; description: string; techStack: string[]; imageUrl: string; githubUrl?: undefined; liveUrl?: undefined; key: string; }' is not assignable to type 'ProjectCardProps'.
    Types of property 'githubUrl' are incompatible.
      Type 'undefined' is not assignable to type 'string'.

  35 |     <div className="grid grid-cols-1 md:grid-cols-2 lg:grid-cols-3 gap-8">
  36 |       {projects.map((project) => (
> 37 |         <ProjectCard key={project.title} {...project} />
     |          ^
  38 |       ))}
  39 |     </div>
  40 |   </section>

[info] Next.js build worker exited with code: 1 and signal: null

[debug] [2025-07-13T06:04:25.240Z] Error: ENOENT: no such file or directory, open '/home/user/public-webpage/.next/server/middleware-manifest.json'
[error] 
[error] Error: An unexpected error has occurred.
[debug] [2025-07-13T06:06:10.040Z] ----------------------------------------------------------------------
[debug] [2025-07-13T06:06:10.052Z] Command:       /nix/store/rbdrkcs5kkwpalxcd7c6bnm33lk2955n-nodejs-20.19.0/bin/node /nix/store/fprgfkwna33crhc86jqbf5878piivvgw-firebase-tools-14.7.0/lib/node_modules/firebase-tools/lib/bin/firebase.js deploy --only hosting
[debug] [2025-07-13T06:06:10.052Z] CLI Version:   14.7.0
[debug] [2025-07-13T06:06:10.053Z] Platform:      linux
[debug] [2025-07-13T06:06:10.053Z] Node Version:  v20.19.0
[debug] [2025-07-13T06:06:10.053Z] Time:          Sun Jul 13 2025 06:06:10 GMT+0000 (Coordinated Universal Time)
[debug] [2025-07-13T06:06:10.053Z] ----------------------------------------------------------------------
[debug] 
[debug] [2025-07-13T06:06:10.552Z] > command requires scopes: ["email","openid","https://www.googleapis.com/auth/cloudplatformprojects.readonly","https://www.googleapis.com/auth/firebase","https://www.googleapis.com/auth/cloud-platform"]
[debug] [2025-07-13T06:06:10.553Z] > authorizing via signed-in user (anant.padhai@gmail.com)
[debug] [2025-07-13T06:06:10.553Z] [iam] checking project fireb-public-profil for permissions ["firebase.projects.get","firebasehosting.sites.update"]
[debug] [2025-07-13T06:06:10.555Z] No OAuth tokens found
[debug] [2025-07-13T06:06:10.555Z] No OAuth tokens found
[debug] [2025-07-13T06:06:10.555Z] > command requires scopes: ["email","openid","https://www.googleapis.com/auth/cloudplatformprojects.readonly","https://www.googleapis.com/auth/firebase","https://www.googleapis.com/auth/cloud-platform"]
[debug] [2025-07-13T06:06:10.556Z] > authorizing via signed-in user (anant.padhai@gmail.com)
[debug] [2025-07-13T06:06:10.557Z] >>> [apiv2][query] POST https://cloudresourcemanager.googleapis.com/v1/projects/fireb-public-profil:testIamPermissions [none]
[debug] [2025-07-13T06:06:10.557Z] >>> [apiv2][(partial)header] POST https://cloudresourcemanager.googleapis.com/v1/projects/fireb-public-profil:testIamPermissions x-goog-quota-user=projects/fireb-public-profil
[debug] [2025-07-13T06:06:10.557Z] >>> [apiv2][body] POST https://cloudresourcemanager.googleapis.com/v1/projects/fireb-public-profil:testIamPermissions {"permissions":["firebase.projects.get","firebasehosting.sites.update"]}
[debug] [2025-07-13T06:06:11.411Z] <<< [apiv2][status] POST https://cloudresourcemanager.googleapis.com/v1/projects/fireb-public-profil:testIamPermissions 200
[debug] [2025-07-13T06:06:11.411Z] <<< [apiv2][body] POST https://cloudresourcemanager.googleapis.com/v1/projects/fireb-public-profil:testIamPermissions {"permissions":["firebase.projects.get","firebasehosting.sites.update"]}
[debug] [2025-07-13T06:06:11.413Z] No OAuth tokens found
[debug] [2025-07-13T06:06:11.413Z] No OAuth tokens found
[debug] [2025-07-13T06:06:11.413Z] > command requires scopes: ["email","openid","https://www.googleapis.com/auth/cloudplatformprojects.readonly","https://www.googleapis.com/auth/firebase","https://www.googleapis.com/auth/cloud-platform"]
[debug] [2025-07-13T06:06:11.413Z] > authorizing via signed-in user (anant.padhai@gmail.com)
[debug] [2025-07-13T06:06:11.416Z] >>> [apiv2][query] GET https://firebase.googleapis.com/v1beta1/projects/fireb-public-profil [none]
[debug] [2025-07-13T06:06:11.666Z] <<< [apiv2][status] GET https://firebase.googleapis.com/v1beta1/projects/fireb-public-profil 200
[debug] [2025-07-13T06:06:11.666Z] <<< [apiv2][body] GET https://firebase.googleapis.com/v1beta1/projects/fireb-public-profil {"projectId":"fireb-public-profil","projectNumber":"891095473425","displayName":"fireb-public-profil","name":"projects/fireb-public-profil","resources":{"hostingSite":"fireb-public-profil"},"state":"ACTIVE","etag":"1_21cfa6d8-34df-4f34-a220-857446c25edd"}
[info] 
   Thank you for trying our early preview of Next.js support on Firebase Hosting.
   During the preview, support is best-effort and breaking changes can be expected. Proceed with caution.
   The integration is known to work with Next.js version 12 - 15.0. You may encounter errors.

   Documentation: https://firebase.google.com/docs/hosting/frameworks/nextjs
   File a bug: https://github.com/firebase/firebase-tools/issues/new?template=bug_report.md
   Submit a feature request: https://github.com/firebase/firebase-tools/issues/new?template=feature_request.md

   We'd love to learn from you. Express your interest in helping us shape the future of Firebase Hosting: https://goo.gle/41enW5X

[debug] [2025-07-13T06:06:17.521Z] No OAuth tokens found
[debug] [2025-07-13T06:06:17.522Z] No OAuth tokens found
[debug] [2025-07-13T06:06:17.522Z] > command requires scopes: ["email","openid","https://www.googleapis.com/auth/cloudplatformprojects.readonly","https://www.googleapis.com/auth/firebase","https://www.googleapis.com/auth/cloud-platform"]
[debug] [2025-07-13T06:06:17.522Z] > authorizing via signed-in user (anant.padhai@gmail.com)
[debug] [2025-07-13T06:06:17.522Z] >>> [apiv2][query] GET https://firebasehosting.googleapis.com/v1beta1/projects/fireb-public-profil/sites/fireb-public-profil [none]
[debug] [2025-07-13T06:06:17.883Z] <<< [apiv2][status] GET https://firebasehosting.googleapis.com/v1beta1/projects/fireb-public-profil/sites/fireb-public-profil 200
[debug] [2025-07-13T06:06:17.887Z] <<< [apiv2][body] GET https://firebasehosting.googleapis.com/v1beta1/projects/fireb-public-profil/sites/fireb-public-profil {"name":"projects/fireb-public-profil/sites/fireb-public-profil","defaultUrl":"https://fireb-public-profil.web.app","type":"DEFAULT_SITE"}
[info]    ▲ Next.js 15.3.4

[info] 

[info]    Linting and checking validity of types ...

[info] Failed to compile.


[info] ./src/components/Projects.tsx:37:10
Type error: Type '{ title: string; description: string; techStack: string[]; imageUrl: string; githubUrl?: undefined; liveUrl?: undefined; key: string; } | { title: string; description: string; techStack: string[]; githubUrl: string; liveUrl: string; imageUrl: string; key: string; }' is not assignable to type 'IntrinsicAttributes & ProjectCardProps'.
  Type '{ title: string; description: string; techStack: string[]; imageUrl: string; githubUrl?: undefined; liveUrl?: undefined; key: string; }' is not assignable to type 'ProjectCardProps'.
    Types of property 'githubUrl' are incompatible.
      Type 'undefined' is not assignable to type 'string'.

  35 |     <div className="grid grid-cols-1 md:grid-cols-2 lg:grid-cols-3 gap-8">
  36 |       {projects.map((project) => (
> 37 |         <ProjectCard key={project.title} {...project} />
     |          ^
  38 |       ))}
  39 |     </div>
  40 |   </section>

[info] Next.js build worker exited with code: 1 and signal: null

[debug] [2025-07-13T06:06:31.018Z] Error: ENOENT: no such file or directory, open '/home/user/public-webpage/.next/server/middleware-manifest.json'
[error] 
[error] Error: An unexpected error has occurred.
[debug] [2025-07-13T06:10:00.019Z] ----------------------------------------------------------------------
[debug] [2025-07-13T06:10:00.021Z] Command:       /nix/store/rbdrkcs5kkwpalxcd7c6bnm33lk2955n-nodejs-20.19.0/bin/node /nix/store/fprgfkwna33crhc86jqbf5878piivvgw-firebase-tools-14.7.0/lib/node_modules/firebase-tools/lib/bin/firebase.js deploy --only hosting
[debug] [2025-07-13T06:10:00.022Z] CLI Version:   14.7.0
[debug] [2025-07-13T06:10:00.022Z] Platform:      linux
[debug] [2025-07-13T06:10:00.022Z] Node Version:  v20.19.0
[debug] [2025-07-13T06:10:00.023Z] Time:          Sun Jul 13 2025 06:10:00 GMT+0000 (Coordinated Universal Time)
[debug] [2025-07-13T06:10:00.023Z] ----------------------------------------------------------------------
[debug] 
[debug] [2025-07-13T06:10:00.553Z] > command requires scopes: ["email","openid","https://www.googleapis.com/auth/cloudplatformprojects.readonly","https://www.googleapis.com/auth/firebase","https://www.googleapis.com/auth/cloud-platform"]
[debug] [2025-07-13T06:10:00.554Z] > authorizing via signed-in user (anant.padhai@gmail.com)
[debug] [2025-07-13T06:10:00.554Z] [iam] checking project fireb-public-profil for permissions ["firebase.projects.get","firebasehosting.sites.update"]
[debug] [2025-07-13T06:10:00.556Z] No OAuth tokens found
[debug] [2025-07-13T06:10:00.557Z] No OAuth tokens found
[debug] [2025-07-13T06:10:00.557Z] > command requires scopes: ["email","openid","https://www.googleapis.com/auth/cloudplatformprojects.readonly","https://www.googleapis.com/auth/firebase","https://www.googleapis.com/auth/cloud-platform"]
[debug] [2025-07-13T06:10:00.557Z] > authorizing via signed-in user (anant.padhai@gmail.com)
[debug] [2025-07-13T06:10:00.559Z] >>> [apiv2][query] POST https://cloudresourcemanager.googleapis.com/v1/projects/fireb-public-profil:testIamPermissions [none]
[debug] [2025-07-13T06:10:00.559Z] >>> [apiv2][(partial)header] POST https://cloudresourcemanager.googleapis.com/v1/projects/fireb-public-profil:testIamPermissions x-goog-quota-user=projects/fireb-public-profil
[debug] [2025-07-13T06:10:00.559Z] >>> [apiv2][body] POST https://cloudresourcemanager.googleapis.com/v1/projects/fireb-public-profil:testIamPermissions {"permissions":["firebase.projects.get","firebasehosting.sites.update"]}
[debug] [2025-07-13T06:10:01.381Z] <<< [apiv2][status] POST https://cloudresourcemanager.googleapis.com/v1/projects/fireb-public-profil:testIamPermissions 200
[debug] [2025-07-13T06:10:01.381Z] <<< [apiv2][body] POST https://cloudresourcemanager.googleapis.com/v1/projects/fireb-public-profil:testIamPermissions {"permissions":["firebase.projects.get","firebasehosting.sites.update"]}
[debug] [2025-07-13T06:10:01.382Z] No OAuth tokens found
[debug] [2025-07-13T06:10:01.383Z] No OAuth tokens found
[debug] [2025-07-13T06:10:01.383Z] > command requires scopes: ["email","openid","https://www.googleapis.com/auth/cloudplatformprojects.readonly","https://www.googleapis.com/auth/firebase","https://www.googleapis.com/auth/cloud-platform"]
[debug] [2025-07-13T06:10:01.383Z] > authorizing via signed-in user (anant.padhai@gmail.com)
[debug] [2025-07-13T06:10:01.383Z] >>> [apiv2][query] GET https://firebase.googleapis.com/v1beta1/projects/fireb-public-profil [none]
[debug] [2025-07-13T06:10:01.656Z] <<< [apiv2][status] GET https://firebase.googleapis.com/v1beta1/projects/fireb-public-profil 200
[debug] [2025-07-13T06:10:01.656Z] <<< [apiv2][body] GET https://firebase.googleapis.com/v1beta1/projects/fireb-public-profil {"projectId":"fireb-public-profil","projectNumber":"891095473425","displayName":"fireb-public-profil","name":"projects/fireb-public-profil","resources":{"hostingSite":"fireb-public-profil"},"state":"ACTIVE","etag":"1_21cfa6d8-34df-4f34-a220-857446c25edd"}
[info] 
   Thank you for trying our early preview of Next.js support on Firebase Hosting.
   During the preview, support is best-effort and breaking changes can be expected. Proceed with caution.
   The integration is known to work with Next.js version 12 - 15.0. You may encounter errors.

   Documentation: https://firebase.google.com/docs/hosting/frameworks/nextjs
   File a bug: https://github.com/firebase/firebase-tools/issues/new?template=bug_report.md
   Submit a feature request: https://github.com/firebase/firebase-tools/issues/new?template=feature_request.md

   We'd love to learn from you. Express your interest in helping us shape the future of Firebase Hosting: https://goo.gle/41enW5X

[debug] [2025-07-13T06:10:08.274Z] No OAuth tokens found
[debug] [2025-07-13T06:10:08.279Z] No OAuth tokens found
[debug] [2025-07-13T06:10:08.279Z] > command requires scopes: ["email","openid","https://www.googleapis.com/auth/cloudplatformprojects.readonly","https://www.googleapis.com/auth/firebase","https://www.googleapis.com/auth/cloud-platform"]
[debug] [2025-07-13T06:10:08.279Z] > authorizing via signed-in user (anant.padhai@gmail.com)
[debug] [2025-07-13T06:10:08.287Z] >>> [apiv2][query] GET https://firebasehosting.googleapis.com/v1beta1/projects/fireb-public-profil/sites/fireb-public-profil [none]
[debug] [2025-07-13T06:10:08.623Z] <<< [apiv2][status] GET https://firebasehosting.googleapis.com/v1beta1/projects/fireb-public-profil/sites/fireb-public-profil 200
[debug] [2025-07-13T06:10:08.627Z] <<< [apiv2][body] GET https://firebasehosting.googleapis.com/v1beta1/projects/fireb-public-profil/sites/fireb-public-profil {"name":"projects/fireb-public-profil/sites/fireb-public-profil","defaultUrl":"https://fireb-public-profil.web.app","type":"DEFAULT_SITE"}
[info]    ▲ Next.js 15.3.4

[info] 

[info]    Linting and checking validity of types ...

[info]    Creating an optimized production build ...

[info]  ✓ Compiled successfully in 13.0s

[info]    Collecting page data ...

[info]    Generating static pages (0/5) ...

[info]    Generating static pages (1/5) 
   Generating static pages (2/5) 
   Generating static pages (3/5) 
 ✓ Generating static pages (5/5)

[info]    Finalizing page optimization ...
   Collecting build traces ...

